

Version:	3.8
CmdLine:	C:\Users\Chukwuka Odina\Google Drive\B.Sc. Project Files\App\EPS\EPS.exe --l4j-debug
WOW64:		yes
Working dir:	C:\Users\Chukwuka Odina\Google Drive\B.Sc. Project Files\App\EPS\.
Bundled JRE:	C:\Program Files\Java\jre1.8.0_92
Check launcher:	C:\Program Files\Java\jre1.8.0_92\bin\javaw.exe (OK)
Substitute:	eps = 
Launcher:	C:\Program Files\Java\jre1.8.0_92\bin\javaw.exe
Launcher args:	-Denv.eps="" -jar "C:\Users\Chukwuka Odina\Google Drive\B.Sc. Project Files\App\EPS\EPS.exe"
Args length:	92/32768 chars
Exit code:	0


Version:	3.8
CmdLine:	C:\Users\Chukwuka Odina\Google Drive\B.Sc. Project Files\App\EPS\EPS.exe --l4j-debug
WOW64:		yes
Working dir:	C:\Users\Chukwuka Odina\Google Drive\B.Sc. Project Files\App\EPS\.
Bundled JRE:	C:\Program Files\Java\jre1.8.0_92
Check launcher:	C:\Program Files\Java\jre1.8.0_92\bin\javaw.exe (OK)
Substitute:	eps = 
Launcher:	C:\Program Files\Java\jre1.8.0_92\bin\javaw.exe
Launcher args:	-Denv.eps="" -jar "C:\Users\Chukwuka Odina\Google Drive\B.Sc. Project Files\App\EPS\EPS.exe"
Args length:	92/32768 chars
Exit code:	0
